  [1m[36mSQL (0.3ms)[0m  [1mselect sqlite_version(*)[0m
  [1m[35mSQL (0.2ms)[0m   SELECT name
 FROM sqlite_master
 WHERE type = 'table' AND NOT name = 'sqlite_sequence'
  [1m[36mSQL (1.2ms)[0m  [1mCREATE TABLE "articles" ("id" INTEGER PRIMARY KEY AUTOINCREMENT NOT NULL, "title" varchar(255), "body" text, "published_at" datetime, "created_at" datetime, "updated_at" datetime, "excerpt" varchar(255), "location" varchar(255), "user_id" integer) [0m
  [1m[35mSQL (0.1ms)[0m   SELECT name
 FROM sqlite_master
 WHERE type = 'table' AND NOT name = 'sqlite_sequence'
  [1m[36mSQL (0.8ms)[0m  [1mCREATE TABLE "articles_categories" ("article_id" integer, "category_id" integer) [0m
  [1m[35mSQL (0.1ms)[0m   SELECT name
 FROM sqlite_master
 WHERE type = 'table' AND NOT name = 'sqlite_sequence'
  [1m[36mSQL (1.0ms)[0m  [1mCREATE TABLE "categories" ("id" INTEGER PRIMARY KEY AUTOINCREMENT NOT NULL, "name" varchar(255), "created_at" datetime, "updated_at" datetime) [0m
  [1m[35mSQL (0.2ms)[0m   SELECT name
 FROM sqlite_master
 WHERE type = 'table' AND NOT name = 'sqlite_sequence'
  [1m[36mSQL (1.0ms)[0m  [1mCREATE TABLE "comments" ("id" INTEGER PRIMARY KEY AUTOINCREMENT NOT NULL, "article_id" integer, "name" varchar(255), "email" varchar(255), "body" text, "created_at" datetime, "updated_at" datetime) [0m
  [1m[35mSQL (0.2ms)[0m   SELECT name
 FROM sqlite_master
 WHERE type = 'table' AND NOT name = 'sqlite_sequence'
  [1m[36mSQL (1.0ms)[0m  [1mCREATE TABLE "profiles" ("id" INTEGER PRIMARY KEY AUTOINCREMENT NOT NULL, "user_id" integer, "name" varchar(255), "birthday" date, "bio" text, "color" varchar(255), "twitter" varchar(255), "created_at" datetime, "updated_at" datetime) [0m
  [1m[35mSQL (0.2ms)[0m   SELECT name
 FROM sqlite_master
 WHERE type = 'table' AND NOT name = 'sqlite_sequence'
  [1m[36mSQL (1.5ms)[0m  [1mCREATE TABLE "sessions" ("id" INTEGER PRIMARY KEY AUTOINCREMENT NOT NULL, "session_id" varchar(255) NOT NULL, "data" text, "created_at" datetime, "updated_at" datetime) [0m
  [1m[35mSQL (1.5ms)[0m  CREATE INDEX "index_sessions_on_session_id" ON "sessions" ("session_id")
  [1m[36mSQL (1.3ms)[0m  [1mCREATE INDEX "index_sessions_on_updated_at" ON "sessions" ("updated_at")[0m
  [1m[35mSQL (0.3ms)[0m   SELECT name
 FROM sqlite_master
 WHERE type = 'table' AND NOT name = 'sqlite_sequence'
  [1m[36mSQL (1.1ms)[0m  [1mCREATE TABLE "users" ("id" INTEGER PRIMARY KEY AUTOINCREMENT NOT NULL, "email" varchar(255), "hashed_password" varchar(255), "created_at" datetime, "updated_at" datetime) [0m
  [1m[35mSQL (0.3ms)[0m   SELECT name
 FROM sqlite_master
 WHERE type = 'table' AND NOT name = 'sqlite_sequence'
  [1m[36mSQL (1.1ms)[0m  [1mCREATE TABLE "schema_migrations" ("version" varchar(255) NOT NULL) [0m
  [1m[35mSQL (1.5ms)[0m  CREATE UNIQUE INDEX "unique_schema_migrations" ON "schema_migrations" ("version")
  [1m[36mSQL (0.3ms)[0m  [1m SELECT name
 FROM sqlite_master
 WHERE type = 'table' AND NOT name = 'sqlite_sequence'
[0m
  [1m[35mSQL (0.1ms)[0m  SELECT version FROM "schema_migrations"
  [1m[36mSQL (1.2ms)[0m  [1mINSERT INTO "schema_migrations" (version) VALUES ('20100503182756')[0m
  [1m[35mSQL (1.1ms)[0m  INSERT INTO "schema_migrations" (version) VALUES ('20100501211503')
  [1m[36mSQL (1.1ms)[0m  [1mINSERT INTO "schema_migrations" (version) VALUES ('20100501215404')[0m
  [1m[35mSQL (1.1ms)[0m  INSERT INTO "schema_migrations" (version) VALUES ('20100502145742')
  [1m[36mSQL (1.1ms)[0m  [1mINSERT INTO "schema_migrations" (version) VALUES ('20100502150124')[0m
  [1m[35mSQL (1.2ms)[0m  INSERT INTO "schema_migrations" (version) VALUES ('20100502152653')
  [1m[36mSQL (1.3ms)[0m  [1mINSERT INTO "schema_migrations" (version) VALUES ('20100502155405')[0m
  [1m[35mSQL (1.2ms)[0m  INSERT INTO "schema_migrations" (version) VALUES ('20100502155432')
  [1m[36mSQL (1.3ms)[0m  [1mINSERT INTO "schema_migrations" (version) VALUES ('20100502161010')[0m
  [1m[35mSQL (1.1ms)[0m  INSERT INTO "schema_migrations" (version) VALUES ('20100502190439')
  [1m[36mSQL (0.4ms)[0m  [1m SELECT name
 FROM sqlite_master
 WHERE type = 'table' AND NOT name = 'sqlite_sequence'
[0m
  [1m[35mUser Load (0.1ms)[0m  SELECT "users"."id" FROM "users" WHERE ("users"."email" = 'mary@example.com') LIMIT 1
  [1m[36mSQL (0.4ms)[0m  [1mINSERT INTO "users" ("created_at", "email", "hashed_password", "updated_at") VALUES ('2010-05-03 23:22:35.379058', 'mary@example.com', '3ab83d7d20012d2d962754b7cc33394c1a8799ca', '2010-05-03 23:22:35.379058')[0m
  [1m[35mSQL (0.4ms)[0m  INSERT INTO "categories" ("created_at", "name", "updated_at") VALUES ('2010-05-03 23:22:35.419365', 'Programming', '2010-05-03 23:22:35.419365')
  [1m[36mSQL (0.3ms)[0m  [1mINSERT INTO "categories" ("created_at", "name", "updated_at") VALUES ('2010-05-03 23:22:35.422912', 'Event', '2010-05-03 23:22:35.422912')[0m
  [1m[35mSQL (0.2ms)[0m  INSERT INTO "categories" ("created_at", "name", "updated_at") VALUES ('2010-05-03 23:22:35.424934', 'Travel', '2010-05-03 23:22:35.424934')
  [1m[36mSQL (0.2ms)[0m  [1mINSERT INTO "categories" ("created_at", "name", "updated_at") VALUES ('2010-05-03 23:22:35.426814', 'Music', '2010-05-03 23:22:35.426814')[0m
  [1m[35mSQL (0.2ms)[0m  INSERT INTO "categories" ("created_at", "name", "updated_at") VALUES ('2010-05-03 23:22:35.428700', 'TV', '2010-05-03 23:22:35.428700')
  [1m[36mSQL (0.5ms)[0m  [1mINSERT INTO "articles" ("body", "created_at", "excerpt", "location", "published_at", "title", "updated_at", "user_id") VALUES ('Models need to relate to each other. In the real world, ..', '2010-05-03 23:22:35.498997', NULL, NULL, '2010-05-03 04:00:00.000000', 'Advanced Active Record', '2010-05-03 23:22:35.498997', 1)[0m
  [1m[35mSQL (0.3ms)[0m  INSERT INTO "articles" ("body", "created_at", "excerpt", "location", "published_at", "title", "updated_at", "user_id") VALUES ('One-to-many associations describe a pattern ..', '2010-05-03 23:22:35.504270', NULL, NULL, '2010-05-03 04:00:00.000000', 'One-to-many associations', '2010-05-03 23:22:35.504270', 1)
  [1m[36mSQL (0.3ms)[0m  [1mINSERT INTO "articles" ("body", "created_at", "excerpt", "location", "published_at", "title", "updated_at", "user_id") VALUES ('Active Record makes working with associations easy..', '2010-05-03 23:22:35.507282', NULL, NULL, '2010-05-03 04:00:00.000000', 'Associations', '2010-05-03 23:22:35.507282', 1)[0m


Started GET "/" for 127.0.0.1 at 2010-05-03 19:22:58
  Processing by ArticlesController#index as HTML
  [1m[36mArticle Load (0.4ms)[0m  [1mSELECT "articles".* FROM "articles"[0m
Rendered articles/_article.html.erb (38.4ms)
Rendered articles/index.html.erb within layouts/application (50.2ms)
Completed 200 OK in 79ms (Views: 53.8ms | ActiveRecord: 1.0ms)


Started GET "/articles/1" for 127.0.0.1 at 2010-05-03 19:23:02
  Processing by ArticlesController#show as HTML
  Parameters: {"id"=>"1"}
  [1m[35mArticle Load (0.3ms)[0m  SELECT "articles".* FROM "articles" WHERE ("articles"."id" = 1) LIMIT 1
Rendered articles/_article.html.erb (24.9ms)
  [1m[36mComment Load (0.3ms)[0m  [1mSELECT "comments".* FROM "comments" WHERE ("comments".article_id = 1)[0m
Rendered collection (0.0ms)
Rendered comments/new.html.erb (11.5ms)
Rendered articles/show.html.erb within layouts/application (112.7ms)
Completed 200 OK in 136ms (Views: 115.8ms | ActiveRecord: 1.1ms)


Started GET "/articles/" for 127.0.0.1 at 2013-01-25 14:14:23
  Processing by ArticlesController#index as HTML
  [1m[36mArticle Load (1.5ms)[0m  [1mSELECT "articles".* FROM "articles"[0m
Rendered articles/_article.html.erb (148.4ms)
Rendered articles/index.html.erb within layouts/application (188.9ms)
Completed 200 OK in 287ms (Views: 247.5ms | ActiveRecord: 3.9ms)


Started GET "/login" for 127.0.0.1 at 2013-01-25 14:14:29
  Processing by SessionsController#new as HTML
Rendered sessions/new.html.erb within layouts/application (62.9ms)
Completed 200 OK in 113ms (Views: 112.7ms | ActiveRecord: 2.1ms)


Started POST "/session" for 127.0.0.1 at 2013-01-25 14:14:33
  Processing by SessionsController#create as HTML
  Parameters: {"commit"=>"Login", "authenticity_token"=>"UVeXt2Scyb8Y2m6GdFKqJ6tvD4kFH8iFIVBcPaeMtlM=", "password"=>"[FILTERED]", "email"=>""}
  [1m[36mUser Load (1.1ms)[0m  [1mSELECT "users".* FROM "users" WHERE ("users"."email" = '') LIMIT 1[0m
Rendered sessions/new.html.erb within layouts/application (19.3ms)
Completed 200 OK in 99ms (Views: 62.9ms | ActiveRecord: 3.0ms)


Started GET "/" for 127.0.0.1 at 2013-01-25 14:14:38
  Processing by ArticlesController#index as HTML
  [1m[35mArticle Load (1.4ms)[0m  SELECT "articles".* FROM "articles"
Rendered articles/_article.html.erb (55.3ms)
Rendered articles/index.html.erb within layouts/application (104.6ms)
Completed 200 OK in 176ms (Views: 146.2ms | ActiveRecord: 3.4ms)


Started GET "/articles/1" for 127.0.0.1 at 2013-01-25 14:14:48
  Processing by ArticlesController#show as HTML
  Parameters: {"id"=>"1"}
  [1m[36mArticle Load (1.2ms)[0m  [1mSELECT "articles".* FROM "articles" WHERE ("articles"."id" = 1) LIMIT 1[0m
Rendered articles/_article.html.erb (38.5ms)
  [1m[35mComment Load (1.2ms)[0m  SELECT "comments".* FROM "comments" WHERE ("comments".article_id = 1)
Rendered collection (0.0ms)
Rendered comments/new.html.erb (21.8ms)
Rendered articles/show.html.erb within layouts/application (122.4ms)
Completed 200 OK in 193ms (Views: 155.3ms | ActiveRecord: 4.2ms)


Started GET "/login" for 127.0.0.1 at 2013-01-25 14:15:00
  Processing by SessionsController#new as HTML
Rendered sessions/new.html.erb within layouts/application (55.5ms)
Completed 200 OK in 103ms (Views: 102.5ms | ActiveRecord: 2.0ms)


Started GET "/users/new" for 127.0.0.1 at 2013-01-25 14:15:20
  Processing by UsersController#new as HTML
Rendered users/_form.html.erb (28.6ms)
Rendered users/new.html.erb within layouts/application (57.5ms)
Completed 200 OK in 135ms (Views: 104.5ms | ActiveRecord: 2.0ms)


Started POST "/users" for 127.0.0.1 at 2013-01-25 14:15:32
  Processing by UsersController#create as HTML
  Parameters: {"commit"=>"Create User", "authenticity_token"=>"UVeXt2Scyb8Y2m6GdFKqJ6tvD4kFH8iFIVBcPaeMtlM=", "user"=>{"password"=>"[FILTERED]", "password_confirmation"=>"[FILTERED]", "email"=>"sajeev@yahoo.com"}}
  [1m[35mUser Load (1.1ms)[0m  SELECT "users"."id" FROM "users" WHERE ("users"."email" = 'sajeev@yahoo.com') LIMIT 1
  [1m[36mSQL (2.2ms)[0m  [1mINSERT INTO "users" ("created_at", "email", "hashed_password", "updated_at") VALUES ('2013-01-25 14:15:32.370592', 'sajeev@yahoo.com', 'e5e9fa1ba31ecd1ae84f75caaa474f3a663f05f4', '2013-01-25 14:15:32.370592')[0m
Redirected to http://localhost:3000/articles
Completed 302 Found in 226ms


Started GET "/articles" for 127.0.0.1 at 2013-01-25 14:15:32
  Processing by ArticlesController#index as HTML
  [1m[35mArticle Load (1.2ms)[0m  SELECT "articles".* FROM "articles"
Rendered articles/_article.html.erb (159.2ms)
Rendered articles/index.html.erb within layouts/application (197.1ms)
Completed 200 OK in 271ms (Views: 243.6ms | ActiveRecord: 3.1ms)


Started GET "/login" for 127.0.0.1 at 2013-01-25 14:15:37
  Processing by SessionsController#new as HTML
Rendered sessions/new.html.erb within layouts/application (90.7ms)
Completed 200 OK in 154ms (Views: 154.2ms | ActiveRecord: 2.2ms)


Started POST "/session" for 127.0.0.1 at 2013-01-25 14:15:44
  Processing by SessionsController#create as HTML
  Parameters: {"commit"=>"Login", "authenticity_token"=>"UVeXt2Scyb8Y2m6GdFKqJ6tvD4kFH8iFIVBcPaeMtlM=", "password"=>"[FILTERED]", "email"=>"sajeev@yahoo.com"}
  [1m[36mUser Load (1.2ms)[0m  [1mSELECT "users".* FROM "users" WHERE ("users"."email" = 'sajeev@yahoo.com') LIMIT 1[0m
Redirected to http://localhost:3000/
Completed 302 Found in 43ms


Started GET "/" for 127.0.0.1 at 2013-01-25 14:15:45
  Processing by ArticlesController#index as HTML
  [1m[35mArticle Load (1.6ms)[0m  SELECT "articles".* FROM "articles"
  [1m[36mUser Load (1.4ms)[0m  [1mSELECT "users".* FROM "users" WHERE ("users"."id" = 2) LIMIT 1[0m
  [1m[35mUser Load (1.3ms)[0m  SELECT "users".* FROM "users" WHERE ("users"."id" = 1) LIMIT 1
  [1m[36mCACHE (0.0ms)[0m  [1mSELECT "users".* FROM "users" WHERE ("users"."id" = 1) LIMIT 1[0m
  [1m[35mCACHE (0.0ms)[0m  SELECT "users".* FROM "users" WHERE ("users"."id" = 1) LIMIT 1
Rendered articles/_article.html.erb (196.1ms)
Rendered articles/index.html.erb within layouts/application (234.0ms)
Completed 200 OK in 325ms (Views: 278.2ms | ActiveRecord: 6.7ms)


Started GET "/articles/new" for 127.0.0.1 at 2013-01-25 14:15:49
  [1m[36mUser Load (1.1ms)[0m  [1mSELECT "users".* FROM "users" WHERE ("users"."id" = 2) LIMIT 1[0m
  Processing by ArticlesController#new as HTML
  [1m[35mCategory Load (1.4ms)[0m  SELECT "categories".* FROM "categories" ORDER BY categories.name
  [1m[36mCategory Load (1.1ms)[0m  [1mSELECT "categories".id FROM "categories" INNER JOIN "articles_categories" ON "categories".id = "articles_categories".category_id WHERE ("articles_categories".article_id = NULL ) ORDER BY categories.name[0m
  [1m[35mCACHE (0.0ms)[0m  SELECT "categories".id FROM "categories" INNER JOIN "articles_categories" ON "categories".id = "articles_categories".category_id WHERE ("articles_categories".article_id = NULL ) ORDER BY categories.name
  [1m[36mCACHE (0.0ms)[0m  [1mSELECT "categories".id FROM "categories" INNER JOIN "articles_categories" ON "categories".id = "articles_categories".category_id WHERE ("articles_categories".article_id = NULL ) ORDER BY categories.name[0m
  [1m[35mCACHE (0.0ms)[0m  SELECT "categories".id FROM "categories" INNER JOIN "articles_categories" ON "categories".id = "articles_categories".category_id WHERE ("articles_categories".article_id = NULL ) ORDER BY categories.name
  [1m[36mCACHE (0.0ms)[0m  [1mSELECT "categories".id FROM "categories" INNER JOIN "articles_categories" ON "categories".id = "articles_categories".category_id WHERE ("articles_categories".article_id = NULL ) ORDER BY categories.name[0m
Rendered articles/_form.html.erb (205.0ms)
Rendered articles/new.html.erb within layouts/application (236.5ms)
Completed 200 OK in 293ms (Views: 266.0ms | ActiveRecord: 5.0ms)


Started POST "/articles" for 127.0.0.1 at 2013-01-25 14:16:02
  [1m[35mUser Load (1.1ms)[0m  SELECT "users".* FROM "users" WHERE ("users"."id" = 2) LIMIT 1
  Processing by ArticlesController#create as HTML
  Parameters: {"article"=>{"location"=>"dsws", "body"=>"efeqwfq\r\nefwqf", "title"=>"asderf", "excerpt"=>"rw", "category_ids"=>["2"], "published_at(1i)"=>"2013", "published_at(5i)"=>"15", "published_at(2i)"=>"1", "published_at(3i)"=>"25", "published_at(4i)"=>"14"}, "commit"=>"Create Article", "authenticity_token"=>"UVeXt2Scyb8Y2m6GdFKqJ6tvD4kFH8iFIVBcPaeMtlM="}
  [1m[36mCategory Load (1.1ms)[0m  [1mSELECT "categories".* FROM "categories" WHERE ("categories"."id" = 2) ORDER BY categories.name LIMIT 1[0m
  [1m[35mSQL (2.5ms)[0m  INSERT INTO "articles" ("body", "created_at", "excerpt", "location", "published_at", "title", "updated_at", "user_id") VALUES ('efeqwfq
efwqf', '2013-01-25 14:16:02.594730', 'rw', 'dsws', '2013-01-25 14:15:00.000000', 'asderf', '2013-01-25 14:16:02.594730', 2)
  [1m[36mSQL (0.9ms)[0m  [1mINSERT INTO "articles_categories" ("article_id", "category_id") VALUES (4, 2)[0m
Redirected to http://localhost:3000/articles/4
Completed 302 Found in 374ms


Started GET "/articles/4" for 127.0.0.1 at 2013-01-25 14:16:02
  Processing by ArticlesController#show as HTML
  Parameters: {"id"=>"4"}
  [1m[35mArticle Load (1.2ms)[0m  SELECT "articles".* FROM "articles" WHERE ("articles"."id" = 4) LIMIT 1
  [1m[36mUser Load (1.1ms)[0m  [1mSELECT "users".* FROM "users" WHERE ("users"."id" = 2) LIMIT 1[0m
  [1m[35mCACHE (0.0ms)[0m  SELECT "users".* FROM "users" WHERE ("users"."id" = 2) LIMIT 1
Rendered articles/_article.html.erb (63.8ms)
  [1m[36mComment Load (1.1ms)[0m  [1mSELECT "comments".* FROM "comments" WHERE ("comments".article_id = 4)[0m
Rendered collection (0.0ms)
Rendered comments/new.html.erb (20.7ms)
Rendered articles/show.html.erb within layouts/application (160.0ms)
Completed 200 OK in 265ms (Views: 223.8ms | ActiveRecord: 5.4ms)


Started POST "/articles/4/comments" for 127.0.0.1 at 2013-01-25 14:16:14
  [1m[35mArticle Load (1.2ms)[0m  SELECT "articles".* FROM "articles" WHERE ("articles"."id" = 4) LIMIT 1
  Processing by CommentsController#create as HTML
  Parameters: {"commit"=>"Add", "authenticity_token"=>"UVeXt2Scyb8Y2m6GdFKqJ6tvD4kFH8iFIVBcPaeMtlM=", "article_id"=>"4", "comment"=>{"body"=>"rwvwe", "name"=>"rhbte", "email"=>"rwr@gh.com"}}
  [1m[36mCACHE (0.0ms)[0m  [1mSELECT "articles".* FROM "articles" WHERE ("articles"."id" = 4) LIMIT 1[0m
  [1m[35mSQL (2.8ms)[0m  INSERT INTO "comments" ("article_id", "body", "created_at", "email", "name", "updated_at") VALUES (4, 'rwvwe', '2013-01-25 14:16:14.675774', 'rwr@gh.com', 'rhbte', '2013-01-25 14:16:14.675774')
Redirected to http://localhost:3000/articles/4
Completed 302 Found in 218ms


Started GET "/articles/4" for 127.0.0.1 at 2013-01-25 14:16:15
  Processing by ArticlesController#show as HTML
  Parameters: {"id"=>"4"}
  [1m[36mArticle Load (1.2ms)[0m  [1mSELECT "articles".* FROM "articles" WHERE ("articles"."id" = 4) LIMIT 1[0m
  [1m[35mUser Load (1.4ms)[0m  SELECT "users".* FROM "users" WHERE ("users"."id" = 2) LIMIT 1
  [1m[36mCACHE (0.0ms)[0m  [1mSELECT "users".* FROM "users" WHERE ("users"."id" = 2) LIMIT 1[0m
Rendered articles/_article.html.erb (179.8ms)
  [1m[35mComment Load (1.3ms)[0m  SELECT "comments".* FROM "comments" WHERE ("comments".article_id = 4)
Rendered comments/_comment.html.erb (5.3ms)
Rendered comments/new.html.erb (16.9ms)
Rendered articles/show.html.erb within layouts/application (302.2ms)
Completed 200 OK in 373ms (Views: 343.8ms | ActiveRecord: 6.2ms)


Started GET "/logout" for 127.0.0.1 at 2013-01-25 14:16:18
  Processing by SessionsController#destroy as HTML
Redirected to http://localhost:3000/
Completed 302 Found in 1ms


Started GET "/" for 127.0.0.1 at 2013-01-25 14:16:18
  Processing by ArticlesController#index as HTML
  [1m[35mArticle Load (1.3ms)[0m  SELECT "articles".* FROM "articles"
Rendered articles/_article.html.erb (55.4ms)
Rendered articles/index.html.erb within layouts/application (96.3ms)
Completed 200 OK in 184ms (Views: 151.3ms | ActiveRecord: 3.3ms)
